<?xml version="1.0" encoding="UTF-8"?>
<!-- Generated by org.testng.reporters.JUnitReportReporter -->
<testsuite skipped="0" hostname="DEL1-LHP-N00506" name="addressbook.adbk1.NewTest" tests="2" failures="0" timestamp="11 Oct 2019 11:15:00 GMT" time="47.803" errors="0">
  <testcase name="addAddree1" time="25.333" classname="addressbook.adbk1.NewTest"/>
  <testcase name="addAddree" time="22.470" classname="addressbook.adbk1.NewTest"/>
</testsuite> <!-- addressbook.adbk1.NewTest -->
