<?xml version="1.0" encoding="UTF-8"?>
<!-- Generated by org.testng.reporters.JUnitReportReporter -->
<testsuite skipped="0" hostname="DEL1-LHP-N00506" name="addressbook.adbk1.NewTest" tests="2" failures="0" timestamp="13 Oct 2019 05:57:01 GMT" time="44.062" errors="0">
  <testcase name="addAddree" time="24.901" classname="addressbook.adbk1.NewTest"/>
  <testcase name="addAddree1" time="19.161" classname="addressbook.adbk1.NewTest"/>
</testsuite> <!-- addressbook.adbk1.NewTest -->
